----------------------------------------------------SYSTEMINFO------------------------------------------------


Host Name:                 DESKTOP-CR6T5VO
OS Name:                   Microsoft Windows 10 Home
OS Version:                10.0.19045 N/A Build 19045
OS Manufacturer:           Microsoft Corporation
OS Configuration:          Standalone Workstation
OS Build Type:             Multiprocessor Free
Registered Owner:          achonikolov2005@gmail.com
Registered Organization:   
Product ID:                00326-10000-00000-AA910
Original Install Date:     15/12/2023, 13:37:09
System Boot Time:          25/01/2024, 12:09:16
System Manufacturer:       innotek GmbH
System Model:              VirtualBox
System Type:               x64-based PC
Processor(s):              1 Processor(s) Installed.
                           [01]: AMD64 Family 23 Model 24 Stepping 1 AuthenticAMD ~2096 Mhz
BIOS Version:              innotek GmbH VirtualBox, 01/12/2006
Windows Directory:         C:\Windows
System Directory:          C:\Windows\system32
Boot Device:               \Device\HarddiskVolume1
System Locale:             en-gb;English (United Kingdom)
Input Locale:              en-gb;English (United Kingdom)
Time Zone:                 (UTC+00:00) Dublin, Edinburgh, Lisbon, London
Total Physical Memory:     4,196 MB
Available Physical Memory: 1,122 MB
Virtual Memory: Max Size:  5,156 MB
Virtual Memory: Available: 1,684 MB
Virtual Memory: In Use:    3,472 MB
Page File Location(s):     C:\pagefile.sys
Domain:                    WORKGROUP
Logon Server:              \\DESKTOP-CR6T5VO
Hotfix(s):                 9 Hotfix(s) Installed.
                           [01]: KB5033918
                           [02]: KB5022502
                           [03]: KB5011048
                           [04]: KB5015684
                           [05]: KB5020683
                           [06]: KB5034122
                           [07]: KB5014032
                           [08]: KB5025315
                           [09]: KB5032907
Network Card(s):           1 NIC(s) Installed.
                           [01]: Intel(R) PRO/1000 MT Desktop Adapter
                                 Connection Name: Ethernet
                                 DHCP Enabled:    Yes
                                 DHCP Server:     10.0.2.2
                                 IP address(es)
                                 [01]: 10.0.2.15
                                 [02]: fe80::28f2:4ecf:83d8:21c3
Hyper-V Requirements:      A hypervisor has been detected. Features required for Hyper-V will not be displayed.
----------------------------------------------------SYSTEMINFOFROMPOWERSHELL------------------------------------------------



WindowsBuildLabEx                                       : 19041.1.amd64fre.vb_release.191206-1406
WindowsCurrentVersion                                   : 6.3
WindowsEditionId                                        : Core
WindowsInstallationType                                 : Client
WindowsInstallDateFromRegistry                          : 15/12/2023 13:37:09
WindowsProductId                                        : 00326-10000-00000-AA910
WindowsProductName                                      : Windows 10 Home
WindowsRegisteredOrganization                           : 
WindowsRegisteredOwner                                  : achonikolov2005@gmail.com
WindowsSystemRoot                                       : C:\Windows
WindowsVersion                                          : 2009
BiosCharacteristics                                     : {4, 7, 15, 16...}
BiosBIOSVersion                                         : {VBOX   - 1}
BiosBuildNumber                                         : 
BiosCaption                                             : Default System BIOS
BiosCodeSet                                             : 
BiosCurrentLanguage                                     : 
BiosDescription                                         : Default System BIOS
BiosEmbeddedControllerMajorVersion                      : 110
BiosEmbeddedControllerMinorVersion                      : 111
BiosFirmwareType                                        : Bios
BiosIdentificationCode                                  : 
BiosInstallableLanguages                                : 
BiosInstallDate                                         : 
BiosLanguageEdition                                     : 
BiosListOfLanguages                                     : 
BiosManufacturer                                        : innotek GmbH
BiosName                                                : Default System BIOS
BiosOtherTargetOS                                       : 
BiosPrimaryBIOS                                         : True
BiosReleaseDate                                         : 01/12/2006 00:00:00
BiosSeralNumber                                         : 0
BiosSMBIOSBIOSVersion                                   : VirtualBox
BiosSMBIOSMajorVersion                                  : 2
BiosSMBIOSMinorVersion                                  : 5
BiosSMBIOSPresent                                       : True
BiosSoftwareElementState                                : Running
BiosStatus                                              : OK
BiosSystemBiosMajorVersion                              : 105
BiosSystemBiosMinorVersion                              : 110
BiosTargetOperatingSystem                               : 0
BiosVersion                                             : VBOX   - 1
CsAdminPasswordStatus                                   : Unknown
CsAutomaticManagedPagefile                              : True
CsAutomaticResetBootOption                              : True
CsAutomaticResetCapability                              : True
CsBootOptionOnLimit                                     : 
CsBootOptionOnWatchDog                                  : 
CsBootROMSupported                                      : True
CsBootStatus                                            : 
CsBootupState                                           : Normal boot
CsCaption                                               : DESKTOP-CR6T5VO
CsChassisBootupState                                    : Safe
CsChassisSKUNumber                                      : 
CsCurrentTimeZone                                       : 0
CsDaylightInEffect                                      : False
CsDescription                                           : AT/AT COMPATIBLE
CsDNSHostName                                           : DESKTOP-CR6T5VO
CsDomain                                                : WORKGROUP
CsDomainRole                                            : StandaloneWorkstation
CsEnableDaylightSavingsTime                             : True
CsFrontPanelResetStatus                                 : Unknown
CsHypervisorPresent                                     : True
CsInfraredSupported                                     : False
CsInitialLoadInfo                                       : 
CsInstallDate                                           : 
CsKeyboardPasswordStatus                                : Unknown
CsLastLoadInfo                                          : 
CsManufacturer                                          : innotek GmbH
CsModel                                                 : VirtualBox
CsName                                                  : DESKTOP-CR6T5VO
CsNetworkAdapters                                       : {Ethernet}
CsNetworkServerModeEnabled                              : True
CsNumberOfLogicalProcessors                             : 3
CsNumberOfProcessors                                    : 1
CsProcessors                                            : {AMD Ryzen 5 3550H with Radeon Vega Mobile Gfx  }
CsOEMStringArray                                        : {vboxVer_7.0.12, vboxRev_159484}
CsPartOfDomain                                          : False
CsPauseAfterReset                                       : -1
CsPCSystemType                                          : Mobile
CsPCSystemTypeEx                                        : Mobile
CsPowerManagementCapabilities                           : 
CsPowerManagementSupported                              : 
CsPowerOnPasswordStatus                                 : Unknown
CsPowerState                                            : Unknown
CsPowerSupplyState                                      : Safe
CsPrimaryOwnerContact                                   : 
CsPrimaryOwnerName                                      : achonikolov2005@gmail.com
CsResetCapability                                       : Other
CsResetCount                                            : -1
CsResetLimit                                            : -1
CsRoles                                                 : {LM_Workstation, LM_Server, NT}
CsStatus                                                : OK
CsSupportContactDescription                             : 
CsSystemFamily                                          : Virtual Machine
CsSystemSKUNumber                                       : 
CsSystemType                                            : x64-based PC
CsThermalState                                          : Safe
CsTotalPhysicalMemory                                   : 4399353856
CsPhyicallyInstalledMemory                              : 
CsUserName                                              : DESKTOP-CR6T5VO\achon
CsWakeUpType                                            : PowerSwitch
CsWorkgroup                                             : WORKGROUP
OsName                                                  : Microsoft Windows 10 Home
OsType                                                  : WINNT
OsOperatingSystemSKU                                    : WindowsHome
OsVersion                                               : 10.0.19045
OsCSDVersion                                            : 
OsBuildNumber                                           : 19045
OsHotFixes                                              : {KB5033918, KB5022502, KB5011048, KB5015684...}
OsBootDevice                                            : \Device\HarddiskVolume1
OsSystemDevice                                          : \Device\HarddiskVolume2
OsSystemDirectory                                       : C:\Windows\system32
OsSystemDrive                                           : C:
OsWindowsDirectory                                      : C:\Windows
OsCountryCode                                           : 44
OsCurrentTimeZone                                       : 0
OsLocaleID                                              : 0809
OsLocale                                                : en-GB
OsLocalDateTime                                         : 25/01/2024 14:44:58
OsLastBootUpTime                                        : 25/01/2024 12:09:16
OsUptime                                                : 02:35:42.0723290
OsBuildType                                             : Multiprocessor Free
OsCodeSet                                               : 1252
OsDataExecutionPreventionAvailable                      : True
OsDataExecutionPrevention32BitApplications              : True
OsDataExecutionPreventionDrivers                        : True
OsDataExecutionPreventionSupportPolicy                  : OptIn
OsDebug                                                 : False
OsDistributed                                           : False
OsEncryptionLevel                                       : 256
OsForegroundApplicationBoost                            : Maximum
OsTotalVisibleMemorySize                                : 4296244
OsFreePhysicalMemory                                    : 1088064
OsTotalVirtualMemorySize                                : 5279284
OsFreeVirtualMemory                                     : 1654100
OsInUseVirtualMemory                                    : 3625184
OsTotalSwapSpaceSize                                    : 
OsSizeStoredInPagingFiles                               : 983040
OsFreeSpaceInPagingFiles                                : 860508
OsPagingFiles                                           : {C:\pagefile.sys}
OsHardwareAbstractionLayer                              : 10.0.19041.3636
OsInstallDate                                           : 15/12/2023 13:37:09
OsManufacturer                                          : Microsoft Corporation
OsMaxNumberOfProcesses                                  : 4294967295
OsMaxProcessMemorySize                                  : 137438953344
OsMuiLanguages                                          : {en-GB}
OsNumberOfLicensedUsers                                 : 
OsNumberOfProcesses                                     : 145
OsNumberOfUsers                                         : 2
OsOrganization                                          : 
OsArchitecture                                          : 64-bit
OsLanguage                                              : en-GB
OsProductSuites                                         : {TerminalServicesSingleSession, HomeEdition}
OsOtherTypeDescription                                  : 
OsPAEEnabled                                            : 
OsPortableOperatingSystem                               : False
OsPrimary                                               : True
OsProductType                                           : WorkStation
OsRegisteredUser                                        : achonikolov2005@gmail.com
OsSerialNumber                                          : 00326-10000-00000-AA910
OsServicePackMajorVersion                               : 0
OsServicePackMinorVersion                               : 0
OsStatus                                                : OK
OsSuites                                                : {TerminalServices, TerminalServicesSingleSession, 
                                                          HomeEdition}
OsServerLevel                                           : 
KeyboardLayout                                          : en-GB
TimeZone                                                : (UTC+00:00) Dublin, Edinburgh, Lisbon, London
LogonServer                                             : \\DESKTOP-CR6T5VO
PowerPlatformRole                                       : Mobile
HyperVisorPresent                                       : True
HyperVRequirementDataExecutionPreventionAvailable       : 
HyperVRequirementSecondLevelAddressTranslation          : 
HyperVRequirementVirtualizationFirmwareEnabled          : 
HyperVRequirementVMMonitorModeExtensions                : 
DeviceGuardSmartStatus                                  : Off
DeviceGuardRequiredSecurityProperties                   : 
DeviceGuardAvailableSecurityProperties                  : 
DeviceGuardSecurityServicesConfigured                   : 
DeviceGuardSecurityServicesRunning                      : 
DeviceGuardCodeIntegrityPolicyEnforcementStatus         : 
DeviceGuardUserModeCodeIntegrityPolicyEnforcementStatus : 



----------------------------------------------------TASKLIST------------------------------------------------


Image Name                     PID Session Name        Session#    Mem Usage
========================= ======== ================ =========== ============
System Idle Process              0 Services                   0          8 K
System                           4 Services                   0        148 K
Registry                       100 Services                   0     45,232 K
smss.exe                       344 Services                   0        952 K
csrss.exe                      444 Services                   0      4,852 K
wininit.exe                    520 Services                   0      6,044 K
csrss.exe                      540 Console                    1      5,536 K
winlogon.exe                   620 Console                    1      9,980 K
services.exe                   664 Services                   0      8,984 K
lsass.exe                      684 Services                   0     18,352 K
svchost.exe                    792 Services                   0     31,948 K
fontdrvhost.exe                800 Services                   0      3,132 K
fontdrvhost.exe                804 Console                    1      5,380 K
svchost.exe                    916 Services                   0     15,652 K
svchost.exe                    960 Services                   0      7,764 K
dwm.exe                        324 Console                    1     76,264 K
svchost.exe                    832 Services                   0     13,016 K
svchost.exe                   1032 Services                   0      5,076 K
svchost.exe                   1040 Services                   0      5,956 K
svchost.exe                   1144 Services                   0     15,720 K
svchost.exe                   1152 Services                   0     14,860 K
svchost.exe                   1180 Services                   0     11,428 K
svchost.exe                   1188 Services                   0      9,032 K
svchost.exe                   1240 Services                   0     12,964 K
svchost.exe                   1300 Services                   0      6,692 K
svchost.exe                   1384 Services                   0     10,060 K
svchost.exe                   1412 Services                   0     10,640 K
svchost.exe                   1432 Services                   0      6,344 K
svchost.exe                   1508 Services                   0      6,772 K
svchost.exe                   1620 Services                   0     10,456 K
svchost.exe                   1744 Services                   0     80,792 K
svchost.exe                   1752 Services                   0      7,584 K
svchost.exe                   1764 Services                   0      5,824 K
svchost.exe                   1816 Services                   0      8,920 K
Memory Compression            1852 Services                   0     48,592 K
svchost.exe                   1900 Services                   0      8,036 K
svchost.exe                   1932 Services                   0      7,552 K
svchost.exe                   1940 Services                   0      7,628 K
svchost.exe                   1692 Services                   0      7,100 K
svchost.exe                   2108 Services                   0      7,496 K
svchost.exe                   2160 Services                   0     13,216 K
svchost.exe                   2280 Services                   0     10,232 K
svchost.exe                   2292 Services                   0      8,224 K
svchost.exe                   2300 Services                   0      7,752 K
svchost.exe                   2344 Services                   0     17,260 K
svchost.exe                   2380 Services                   0     11,868 K
spoolsv.exe                   2508 Services                   0     11,580 K
svchost.exe                   2528 Services                   0     13,680 K
svchost.exe                   2560 Services                   0      7,456 K
svchost.exe                   2780 Services                   0     13,564 K
svchost.exe                   2788 Services                   0     37,808 K
svchost.exe                   2796 Services                   0     29,252 K
svchost.exe                   2808 Services                   0     18,368 K
IpOverUsbSvc.exe              2820 Services                   0      8,112 K
svchost.exe                   2892 Services                   0      6,204 K
svchost.exe                   2904 Services                   0      8,416 K
svchost.exe                   2920 Services                   0      5,464 K
MsMpEng.exe                   2952 Services                   0    352,956 K
svchost.exe                   2960 Services                   0     18,864 K
svchost.exe                   3012 Services                   0      9,600 K
svchost.exe                   3080 Services                   0     10,432 K
svchost.exe                   3148 Services                   0      5,284 K
svchost.exe                   3752 Services                   0      7,396 K
svchost.exe                   3840 Services                   0      7,608 K
svchost.exe                   3900 Services                   0      8,740 K
SearchIndexer.exe             3976 Services                   0     42,688 K
svchost.exe                   4052 Services                   0     13,328 K
svchost.exe                   4232 Services                   0     16,108 K
sihost.exe                    4320 Console                    1     27,292 K
svchost.exe                   4344 Console                    1     21,656 K
svchost.exe                   4388 Console                    1     40,328 K
taskhostw.exe                 4496 Console                    1     17,260 K
svchost.exe                   4672 Services                   0      7,572 K
ctfmon.exe                    4748 Console                    1     19,416 K
svchost.exe                   4908 Services                   0      6,360 K
explorer.exe                  4980 Console                    1    168,732 K
svchost.exe                   5084 Services                   0     13,444 K
svchost.exe                   5192 Console                    1     20,624 K
StartMenuExperienceHost.e     5620 Console                    1     80,256 K
RuntimeBroker.exe             5760 Console                    1     39,924 K
svchost.exe                   5772 Services                   0     10,796 K
SearchApp.exe                 5976 Console                    1     95,684 K
RuntimeBroker.exe             6112 Console                    1     45,704 K
svchost.exe                   6848 Services                   0      9,396 K
RuntimeBroker.exe             6992 Console                    1     28,148 K
NisSrv.exe                    7120 Services                   0      9,940 K
TextInputHost.exe             5584 Console                    1     32,544 K
dllhost.exe                   6752 Console                    1     11,872 K
SecurityHealthSystray.exe     7464 Console                    1      9,720 K
SecurityHealthService.exe     7492 Services                   0     17,112 K
svchost.exe                   6704 Services                   0      8,492 K
svchost.exe                    452 Services                   0     11,704 K
svchost.exe                   9784 Services                   0      7,368 K
svchost.exe                   5816 Console                    1     19,308 K
SgrmBroker.exe                9268 Services                   0      7,388 K
svchost.exe                    672 Services                   0     11,668 K
svchost.exe                   3160 Services                   0     10,460 K
ShellExperienceHost.exe       8052 Console                    1     50,168 K
SystemSettings.exe            1992 Console                    1      1,620 K
ApplicationFrameHost.exe      5944 Console                    1     30,208 K
RuntimeBroker.exe             3740 Console                    1     19,304 K
UserOOBEBroker.exe            7068 Console                    1      9,584 K
svchost.exe                   2312 Services                   0     10,768 K
svchost.exe                   1328 Services                   0     11,392 K
SearchApp.exe                 2256 Console                    1     88,876 K
svchost.exe                  10196 Services                   0     14,676 K
svchost.exe                   1760 Services                   0     17,528 K
CalculatorApp.exe             6136 Console                    1      1,580 K
RuntimeBroker.exe             2372 Console                    1      6,716 K
msedge.exe                    7260 Console                    1    174,864 K
msedge.exe                    2580 Console                    1      7,912 K
msedge.exe                    7612 Console                    1     43,184 K
msedge.exe                    3724 Console                    1     42,768 K
msedge.exe                    7236 Console                    1     17,944 K
msedge.exe                    3964 Console                    1    145,452 K
msedge.exe                    9620 Console                    1    109,484 K
msedge.exe                    5572 Console                    1    109,880 K
msedge.exe                    5552 Console                    1     25,012 K
Code.exe                      1952 Console                    1    106,468 K
Code.exe                      1612 Console                    1     28,244 K
Code.exe                      3592 Console                    1     56,536 K
Code.exe                       972 Console                    1     39,184 K
Code.exe                      1532 Console                    1    206,664 K
Code.exe                      4904 Console                    1     80,852 K
Code.exe                      9948 Console                    1     71,584 K
Code.exe                      7988 Console                    1    116,460 K
cmd.exe                       3864 Console                    1      4,804 K
conhost.exe                   9672 Console                    1     21,868 K
gopls.exe                    10056 Console                    1    125,012 K
conhost.exe                   1368 Console                    1     11,040 K
msedge.exe                    7892 Console                    1     17,596 K
msedge.exe                    2316 Console                    1    126,664 K
msedge.exe                    3636 Console                    1     54,364 K
msedge.exe                    8644 Console                    1     26,640 K
svchost.exe                   7700 Services                   0     10,336 K
Code.exe                      7312 Console                    1     83,492 K
main.exe                      5304 Console                    1     10,916 K
audiodg.exe                   3004 Services                   0     13,136 K
dllhost.exe                   1228 Console                    1      7,532 K
GetSysInfo.exe                8520 Console                    1      7,300 K
WmiPrvSE.exe                  7556 Services                   0     16,876 K
WmiPrvSE.exe                  1464 Services                   0     10,556 K
TrustedInstaller.exe          6092 Services                   0      7,780 K
TiWorker.exe                  4644 Services                   0     11,160 K
svchost.exe                   9632 Services                   0      6,900 K
tasklist.exe                  3540 Console                    1      9,260 K
----------------------------------------------------NETSTAT------------------------------------------------


Active Connections

  Proto  Local Address          Foreign Address        State
  TCP    0.0.0.0:135            DESKTOP-CR6T5VO:0      LISTENING
  TCP    0.0.0.0:445            DESKTOP-CR6T5VO:0      LISTENING
  TCP    0.0.0.0:5040           DESKTOP-CR6T5VO:0      LISTENING
  TCP    0.0.0.0:7680           DESKTOP-CR6T5VO:0      LISTENING
  TCP    0.0.0.0:49664          DESKTOP-CR6T5VO:0      LISTENING
  TCP    0.0.0.0:49665          DESKTOP-CR6T5VO:0      LISTENING
  TCP    0.0.0.0:49666          DESKTOP-CR6T5VO:0      LISTENING
  TCP    0.0.0.0:49667          DESKTOP-CR6T5VO:0      LISTENING
  TCP    0.0.0.0:49669          DESKTOP-CR6T5VO:0      LISTENING
  TCP    0.0.0.0:49670          DESKTOP-CR6T5VO:0      LISTENING
  TCP    10.0.2.15:139          DESKTOP-CR6T5VO:0      LISTENING
  TCP    10.0.2.15:49678        20.199.120.151:https   ESTABLISHED
  TCP    10.0.2.15:50157        bingforbusiness:https  FIN_WAIT_2
  TCP    10.0.2.15:50370        13.107.136.254:https   ESTABLISHED
  TCP    10.0.2.15:50372        204.79.197.254:https   ESTABLISHED
  TCP    10.0.2.15:50397        204.79.197.239:https   FIN_WAIT_2
  TCP    10.0.2.15:50457        a2-20-45-84:https      CLOSE_WAIT
  TCP    10.0.2.15:50465        192.229.221.95:http    CLOSE_WAIT
  TCP    10.0.2.15:50466        13.107.246.45:https    CLOSE_WAIT
  TCP    10.0.2.15:50540        a-0003:https           FIN_WAIT_2
  TCP    10.0.2.15:50563        lb-140-82-114-26-iad:https  ESTABLISHED
  TCP    10.0.2.15:50567        13.69.239.77:https     TIME_WAIT
  TCP    10.0.2.15:50569        152.199.19.160:https   TIME_WAIT
  TCP    10.0.2.15:50570        104.208.16.91:https    ESTABLISHED
  TCP    10.0.2.15:50571        104.208.16.91:https    ESTABLISHED
  TCP    [::]:135               DESKTOP-CR6T5VO:0      LISTENING
  TCP    [::]:445               DESKTOP-CR6T5VO:0      LISTENING
  TCP    [::]:7680              DESKTOP-CR6T5VO:0      LISTENING
  TCP    [::]:49664             DESKTOP-CR6T5VO:0      LISTENING
  TCP    [::]:49665             DESKTOP-CR6T5VO:0      LISTENING
  TCP    [::]:49666             DESKTOP-CR6T5VO:0      LISTENING
  TCP    [::]:49667             DESKTOP-CR6T5VO:0      LISTENING
  TCP    [::]:49669             DESKTOP-CR6T5VO:0      LISTENING
  TCP    [::]:49670             DESKTOP-CR6T5VO:0      LISTENING
  UDP    0.0.0.0:5050           *:*                    
  UDP    0.0.0.0:5353           *:*                    
  UDP    0.0.0.0:5353           *:*                    
  UDP    0.0.0.0:5353           *:*                    
  UDP    0.0.0.0:5355           *:*                    
  UDP    10.0.2.15:137          *:*                    
  UDP    10.0.2.15:138          *:*                    
  UDP    10.0.2.15:1900         *:*                    
  UDP    10.0.2.15:58623        *:*                    
  UDP    127.0.0.1:1900         *:*                    
  UDP    127.0.0.1:58624        *:*                    
  UDP    127.0.0.1:59934        *:*                    
  UDP    [::]:5353              *:*                    
  UDP    [::]:5353              *:*                    
  UDP    [::]:5355              *:*                    
  UDP    [::1]:1900             *:*                    
  UDP    [::1]:58622            *:*                    
  UDP    [fe80::28f2:4ecf:83d8:21c3%7]:1900  *:*                    
  UDP    [fe80::28f2:4ecf:83d8:21c3%7]:58621  *:*                    
----------------------------------------------------PORTOCOLSTATISTICS------------------------------------------------


IPv4 Statistics

  Packets Received                   = 162778
  Received Header Errors             = 0
  Received Address Errors            = 0
  Datagrams Forwarded                = 0
  Unknown Protocols Received         = 36
  Received Packets Discarded         = 157
  Received Packets Delivered         = 163094
  Output Requests                    = 44067
  Routing Discards                   = 0
  Discarded Output Packets           = 0
  Output Packet No Route             = 0
  Reassembly Required                = 0
  Reassembly Successful              = 0
  Reassembly Failures                = 0
  Datagrams Successfully Fragmented  = 0
  Datagrams Failing Fragmentation    = 0
  Fragments Created                  = 0

IPv6 Statistics

  Packets Received                   = 0
  Received Header Errors             = 0
  Received Address Errors            = 0
  Datagrams Forwarded                = 0
  Unknown Protocols Received         = 0
  Received Packets Discarded         = 0
  Received Packets Delivered         = 99
  Output Requests                    = 123
  Routing Discards                   = 0
  Discarded Output Packets           = 0
  Output Packet No Route             = 0
  Reassembly Required                = 0
  Reassembly Successful              = 0
  Reassembly Failures                = 0
  Datagrams Successfully Fragmented  = 0
  Datagrams Failing Fragmentation    = 0
  Fragments Created                  = 0

ICMPv4 Statistics

                            Received    Sent
  Messages                  36          85        
  Errors                    0           0         
  Destination Unreachable   36          85        
  Time Exceeded             0           0         
  Parameter Problems        0           0         
  Source Quenches           0           0         
  Redirects                 0           0         
  Echo Replies              0           0         
  Echos                     0           0         
  Timestamps                0           0         
  Timestamp Replies         0           0         
  Address Masks             0           0         
  Address Mask Replies      0           0         
  Router Solicitations      0           0         
  Router Advertisements     0           0         

ICMPv6 Statistics

                            Received    Sent
  Messages                  0           5         
  Errors                    0           0         
  Destination Unreachable   0           0         
  Packet Too Big            0           0         
  Time Exceeded             0           0         
  Parameter Problems        0           0         
  Echos                     0           0         
  Echo Replies              0           0         
  MLD Queries               0           0         
  MLD Reports               0           0         
  MLD Dones                 0           0         
  Router Solicitations      0           3         
  Router Advertisements     0           0         
  Neighbor Solicitations    0           1         
  Neighbor Advertisements   0           1         
  Redirects                 0           0         
  Router Renumberings       0           0         

TCP Statistics for IPv4

  Active Opens                        = 876
  Passive Opens                       = 3
  Failed Connection Attempts          = 61
  Reset Connections                   = 176
  Current Connections                 = 9
  Segments Received                   = 149253
  Segments Sent                       = 35173
  Segments Retransmitted              = 294

TCP Statistics for IPv6

  Active Opens                        = 28
  Passive Opens                       = 0
  Failed Connection Attempts          = 28
  Reset Connections                   = 0
  Current Connections                 = 0
  Segments Received                   = 168
  Segments Sent                       = 112
  Segments Retransmitted              = 56

UDP Statistics for IPv4

  Datagrams Received    = 13590
  No Ports              = 158
  Receive Errors        = 0
  Datagrams Sent        = 7677

UDP Statistics for IPv6

  Datagrams Received    = 26
  No Ports              = 0
  Receive Errors        = 0
  Datagrams Sent        = 22
----------------------------------------------------IPCONFIG------------------------------------------------


Windows IP Configuration

   Host Name . . . . . . . . . . . . : DESKTOP-CR6T5VO
   Primary Dns Suffix  . . . . . . . : 
   Node Type . . . . . . . . . . . . : Hybrid
   IP Routing Enabled. . . . . . . . : No
   WINS Proxy Enabled. . . . . . . . : No
   DNS Suffix Search List. . . . . . : .

Ethernet adapter Ethernet:

   Connection-specific DNS Suffix  . : .
   Description . . . . . . . . . . . : Intel(R) PRO/1000 MT Desktop Adapter
   Physical Address. . . . . . . . . : 08-00-27-3D-86-25
   DHCP Enabled. . . . . . . . . . . : Yes
   Autoconfiguration Enabled . . . . : Yes
   Link-local IPv6 Address . . . . . : fe80::28f2:4ecf:83d8:21c3%7(Preferred) 
   IPv4 Address. . . . . . . . . . . : 10.0.2.15(Preferred) 
   Subnet Mask . . . . . . . . . . . : 255.255.255.0
   Lease Obtained. . . . . . . . . . : 25 January 2024 12:09:22
   Lease Expires . . . . . . . . . . : 26 January 2024 12:09:21
   Default Gateway . . . . . . . . . : 10.0.2.2
   DHCP Server . . . . . . . . . . . : 10.0.2.2
   DHCPv6 IAID . . . . . . . . . . . : 101187623
   DHCPv6 Client DUID. . . . . . . . : 00-01-00-01-2D-0E-2A-81-08-00-27-3D-86-25
   DNS Servers . . . . . . . . . . . : 10.0.2.3
   NetBIOS over Tcpip. . . . . . . . : Enabled
